<?xml version="1.0" encoding="UTF-8"?>
<!-- Generated by org.testng.reporters.JUnitReportReporter -->
<testsuite hostname="LAPTOP-UBQRN4Q2" failures="0" tests="3" name="com.ninja.qa.testcases.Search" time="15.599" errors="0" timestamp="2023-04-27T08:04:33 PDT" skipped="0">
  <testcase classname="com.ninja.qa.testcases.Search" name="VerifySearchingWithanExistingProductName" time="5.673"/>
  <system-out/>
  <testcase classname="com.ninja.qa.testcases.Search" name="VerifysearchingwithanonexistingProductName" time="5.274"/>
  <system-out/>
  <testcase classname="com.ninja.qa.testcases.Search" name="VerifysearchingwithoutprovidinganyProductName" time="4.652"/>
  <system-out/>
</testsuite> <!-- com.ninja.qa.testcases.Search -->
